# -*- coding: utf-8 -*-

2017-12-23 15:05:38,042 - INFO - BrowserEngine[line:33] - You had select Chrome browser.
2017-12-23 15:05:38,042 - INFO - BrowserEngine[line:35] - The test server url is: https://www.baidu.com
2017-12-23 15:05:42,881 - INFO - BrowserEngine[line:42] - Starting Chrome browser.
2017-12-23 15:05:43,920 - INFO - BrowserEngine[line:48] - Open url: https://www.baidu.com
2017-12-23 15:05:45,365 - INFO - BrowserEngine[line:50] - Maximize the current window.
2017-12-23 15:05:45,370 - INFO - BrowserEngine[line:52] - Set implicitly wait 10 seconds.
2017-12-23 15:09:43,288 - INFO - BrowserEngine[line:33] - You had select Chrome browser.
2017-12-23 15:09:43,298 - INFO - BrowserEngine[line:35] - The test server url is: https://www.baidu.com
2017-12-23 15:09:48,355 - INFO - BrowserEngine[line:42] - Starting Chrome browser.
2017-12-23 15:09:49,344 - INFO - BrowserEngine[line:48] - Open url: https://www.baidu.com
2017-12-23 15:09:50,790 - INFO - BrowserEngine[line:50] - Maximize the current window.
2017-12-23 15:09:50,806 - INFO - BrowserEngine[line:52] - Set implicitly wait 10 seconds.
2017-12-23 15:10:58,122 - INFO - BrowserEngine[line:33] - You had select Chrome browser.
2017-12-23 15:10:58,133 - INFO - BrowserEngine[line:35] - The test server url is: https://www.baidu.com
2017-12-23 15:11:02,572 - INFO - BrowserEngine[line:42] - Starting Chrome browser.
2017-12-23 15:11:03,449 - INFO - BrowserEngine[line:48] - Open url: https://www.baidu.com
2017-12-23 15:11:04,934 - INFO - BrowserEngine[line:50] - Maximize the current window.
2017-12-23 15:11:04,940 - INFO - BrowserEngine[line:52] - Set implicitly wait 10 seconds.
2017-12-23 15:11:14,980 - ERROR - BaiduSearch[line:38] - this is an exception message
Traceback (most recent call last):
  File "C:\Users\Administrator\Desktop\ï¿½ï¿½Ä¿ï¿½ï¿½Ï°\automation_framework_demo\testsuits\baidu_search.py", line 36, in test_baidu_search
    self.driver.find_element_by_id('kw1').send_keys('selenium')
  File "D:\python\lib\site-packages\selenium\webdriver\remote\webdriver.py", line 341, in find_element_by_id
    return self.find_element(by=By.ID, value=id_)
  File "D:\python\lib\site-packages\selenium\webdriver\remote\webdriver.py", line 855, in find_element
    'value': value})['value']
  File "D:\python\lib\site-packages\selenium\webdriver\remote\webdriver.py", line 308, in execute
    self.error_handler.check_response(response)
  File "D:\python\lib\site-packages\selenium\webdriver\remote\errorhandler.py", line 194, in check_response
    raise exception_class(message, screen, stacktrace)
selenium.common.exceptions.NoSuchElementException: Message: no such element: Unable to locate element: {"method":"id","selector":"kw1"}
  (Session info: chrome=60.0.3112.90)
  (Driver info: chromedriver=2.33.506120 (e3e53437346286c0bc2d2dc9aa4915ba81d9023f),platform=Windows NT 6.1.7601 SP1 x86_64)

2017-12-23 17:15:08,621 - INFO - BrowserEngine[line:32] - You had select Chrome browser.
2017-12-23 17:15:08,621 - INFO - BrowserEngine[line:34] - The test server url is: https://www.baidu.com
2017-12-23 17:15:13,355 - INFO - BrowserEngine[line:41] - Starting Chrome browser.
2017-12-23 17:15:16,162 - INFO - BrowserEngine[line:47] - Open url: https://www.baidu.com
2017-12-23 17:15:17,710 - INFO - BrowserEngine[line:49] - Maximize the current window.
2017-12-23 17:15:17,713 - INFO - BrowserEngine[line:51] - Set implicitly wait 10 seconds.
2017-12-23 17:15:17,799 - INFO - Basepage[line:86] - Had find the element '  ' successful by id via value: kw 
2017-12-23 17:15:18,211 - INFO - Basepage[line:120] - Had type ' selenium ' in inputBox
2017-12-23 17:15:18,293 - INFO - Basepage[line:104] - Had find the element '  ' successful by xpath via value: //*[@id='su'] 
2017-12-23 17:15:18,503 - INFO - Basepage[line:140] - The element '  ' was clicked.
2017-12-23 17:17:46,997 - INFO - BrowserEngine[line:32] - You had select Chrome browser.
2017-12-23 17:17:46,997 - INFO - BrowserEngine[line:34] - The test server url is: https://www.baidu.com
2017-12-23 17:17:51,909 - INFO - BrowserEngine[line:41] - Starting Chrome browser.
2017-12-23 17:17:52,778 - INFO - BrowserEngine[line:47] - Open url: https://www.baidu.com
2017-12-23 17:17:54,221 - INFO - BrowserEngine[line:49] - Maximize the current window.
2017-12-23 17:17:54,223 - INFO - BrowserEngine[line:51] - Set implicitly wait 10 seconds.
2017-12-23 17:17:54,361 - INFO - Basepage[line:86] - Had find the element '  ' successful by id via value: kw 
2017-12-23 17:17:54,705 - INFO - Basepage[line:120] - Had type ' selenium ' in inputBox
2017-12-23 17:17:54,794 - INFO - Basepage[line:104] - Had find the element '  ' successful by xpath via value: //*[@id='su'] 
2017-12-23 17:17:54,941 - INFO - Basepage[line:140] - The element '  ' was clicked.
2017-12-23 17:17:57,671 - INFO - Basepage[line:59] - Had take screenshot and save to folder : /screenshots
2017-12-23 17:17:57,679 - INFO - Basepage[line:146] - Current page title is selenium_°Ù¶ÈËÑË÷
2017-12-23 17:19:54,353 - INFO - BrowserEngine[line:32] - You had select Chrome browser.
2017-12-23 17:19:54,353 - INFO - BrowserEngine[line:34] - The test server url is: https://www.baidu.com
2017-12-23 17:19:59,419 - INFO - BrowserEngine[line:41] - Starting Chrome browser.
2017-12-23 17:20:00,244 - INFO - BrowserEngine[line:47] - Open url: https://www.baidu.com
2017-12-23 17:20:01,763 - INFO - BrowserEngine[line:49] - Maximize the current window.
2017-12-23 17:20:01,766 - INFO - BrowserEngine[line:51] - Set implicitly wait 10 seconds.
2017-12-23 17:20:01,841 - INFO - Basepage[line:86] - Had find the element '  ' successful by id via value: kw 
2017-12-23 17:20:02,211 - INFO - Basepage[line:120] - Had type ' selenium ' in inputBox
2017-12-23 17:20:02,306 - INFO - Basepage[line:86] - Had find the element '  ' successful by id via value: su 
2017-12-23 17:20:02,441 - INFO - Basepage[line:140] - The element '  ' was clicked.
2017-12-23 17:20:05,166 - INFO - Basepage[line:59] - Had take screenshot and save to folder : /screenshots
2017-12-23 17:20:05,175 - INFO - Basepage[line:146] - Current page title is selenium_°Ù¶ÈËÑË÷
2017-12-23 17:21:10,028 - INFO - BrowserEngine[line:32] - You had select Chrome browser.
2017-12-23 17:21:10,028 - INFO - BrowserEngine[line:34] - The test server url is: https://www.baidu.com
2017-12-23 17:21:14,393 - INFO - BrowserEngine[line:41] - Starting Chrome browser.
2017-12-23 17:21:15,232 - INFO - BrowserEngine[line:47] - Open url: https://www.baidu.com
2017-12-23 17:21:16,724 - INFO - BrowserEngine[line:49] - Maximize the current window.
2017-12-23 17:21:16,726 - INFO - BrowserEngine[line:51] - Set implicitly wait 10 seconds.
2017-12-23 17:21:16,796 - INFO - Basepage[line:86] - Had find the element '  ' successful by id via value: kw 
2017-12-23 17:21:17,125 - INFO - Basepage[line:120] - Had type ' selenium ' in inputBox
2017-12-23 17:21:27,180 - ERROR - Basepage[line:88] - NoSuchElementException: Message: no such element: Unable to locate element: {"method":"id","selector":"su1"}
  (Session info: chrome=60.0.3112.90)
  (Driver info: chromedriver=2.33.506120 (e3e53437346286c0bc2d2dc9aa4915ba81d9023f),platform=Windows NT 6.1.7601 SP1 x86_64)

2017-12-23 17:21:27,877 - INFO - Basepage[line:59] - Had take screenshot and save to folder : /screenshots
2017-12-23 17:22:34,222 - INFO - BrowserEngine[line:32] - You had select Chrome browser.
2017-12-23 17:22:34,222 - INFO - BrowserEngine[line:34] - The test server url is: https://www.baidu.com
2017-12-23 17:22:38,666 - INFO - BrowserEngine[line:41] - Starting Chrome browser.
2017-12-23 17:22:40,274 - INFO - BrowserEngine[line:47] - Open url: https://www.baidu.com
2017-12-23 17:22:41,758 - INFO - BrowserEngine[line:49] - Maximize the current window.
2017-12-23 17:22:41,760 - INFO - BrowserEngine[line:51] - Set implicitly wait 10 seconds.
2017-12-23 17:22:41,836 - INFO - Basepage[line:86] - Had find the element '  ' successful by id via value: kw 
2017-12-23 17:22:42,187 - INFO - Basepage[line:120] - Had type ' selenium ' in inputBox
2017-12-23 17:24:13,735 - INFO - BrowserEngine[line:32] - You had select Chrome browser.
2017-12-23 17:24:13,735 - INFO - BrowserEngine[line:34] - The test server url is: https://www.baidu.com
2017-12-23 17:24:18,072 - INFO - BrowserEngine[line:41] - Starting Chrome browser.
2017-12-23 17:24:18,973 - INFO - BrowserEngine[line:47] - Open url: https://www.baidu.com
2017-12-23 17:24:20,429 - INFO - BrowserEngine[line:49] - Maximize the current window.
2017-12-23 17:24:20,431 - INFO - BrowserEngine[line:51] - Set implicitly wait 10 seconds.
2017-12-23 17:24:20,889 - INFO - Basepage[line:120] - Had type ' selenium ' in inputBox
2017-12-23 17:24:20,978 - INFO - Basepage[line:86] - Had find the element '  ' successful by id via value: su 
2017-12-23 17:24:21,126 - INFO - Basepage[line:140] - The element '  ' was clicked.
2017-12-23 17:24:23,787 - INFO - Basepage[line:59] - Had take screenshot and save to folder : /screenshots
2017-12-23 17:24:23,797 - INFO - Basepage[line:146] - Current page title is selenium_°Ù¶ÈËÑË÷
2017-12-23 17:24:53,169 - INFO - BrowserEngine[line:32] - You had select Chrome browser.
2017-12-23 17:24:53,169 - INFO - BrowserEngine[line:34] - The test server url is: https://www.baidu.com
2017-12-23 17:24:57,531 - INFO - BrowserEngine[line:41] - Starting Chrome browser.
2017-12-23 17:24:58,399 - INFO - BrowserEngine[line:47] - Open url: https://www.baidu.com
2017-12-23 17:24:59,939 - INFO - BrowserEngine[line:49] - Maximize the current window.
2017-12-23 17:24:59,942 - INFO - BrowserEngine[line:51] - Set implicitly wait 10 seconds.
